<?xml version="1.0" encoding="UTF-8" ?>
<testsuite 
errors="0" failures="0" hostname="DESKTOP-V7S0124" name="org.scalatest.tools.DiscoverySuite" tests="0" time="6.172" timestamp="2018-10-09T21:08:36">
  <properties>
    <property name="java.runtime.name" value="Java(TM) SE Runtime Environment">
    </property>
    <property 
    name="sun.boot.library.path" value="C:\Program Files\Java\jdk1.8.0_161\jre\bin">
</property>
    <property name="java.vm.version" value="25.161-b12"> </property>
    <property name="java.vm.vendor" value="Oracle Corporation"> </property>
    <property name="java.vendor.url" value="http://java.oracle.com/">
    </property>
    <property name="path.separator" value=";"> </property>
    <property name="java.vm.name" value="Java HotSpot(TM) 64-Bit Server VM">
    </property>
    <property name="file.encoding.pkg" value="sun.io"> </property>
    <property name="user.script" value=""> </property>
    <property name="user.country" value="CA"> </property>
    <property name="sun.java.launcher" value="SUN_STANDARD"> </property>
    <property name="sun.os.patch.level" value=""> </property>
    <property 
    name="java.vm.specification.name" value="Java Virtual Machine Specification">
</property>
    <property 
    name="user.dir" value="C:\Users\jake\__workspace\scalaProjects\ikodaSparse">
</property>
    <property name="java.runtime.version" value="1.8.0_161-b12"> </property>
    <property 
    name="java.awt.graphicsenv" value="sun.awt.Win32GraphicsEnvironment">
</property>
    <property 
    name="basedir" value="C:\Users\jake\__workspace\scalaProjects\ikodaSparse">
</property>
    <property 
    name="java.endorsed.dirs" value="C:\Program Files\Java\jdk1.8.0_161\jre\lib\endorsed">
</property>
    <property name="os.arch" value="amd64"> </property>
    <property name="java.io.tmpdir" value="C:\Users\jake\AppData\Local\Temp\">
    </property>
    <property name="line.separator" value=" "> </property>
    <property name="java.vm.specification.vendor" value="Oracle Corporation">
    </property>
    <property name="user.variant" value=""> </property>
    <property name="os.name" value="Windows 10"> </property>
    <property name="sun.jnu.encoding" value="Cp1252"> </property>
    <property 
    name="java.library.path" value="C:\Program Files\Java\jdk1.8.0_161\bin;C:\WINDOWS\Sun\Java\bin;C:\WINDOWS\system32;C:\WINDOWS;C:\ProgramData\Oracle\Java\javapath;C:\WINDOWS\system32;C:\WINDOWS;C:\WINDOWS\System32\Wbem;C:\WINDOWS\System32\WindowsPowerShell\v1.0\;C:\Users\jake\_servers\apache-maven-3.5.3\bin;C:\Program Files (x86)\WinSCP;C:\PostgreSQL\pg96\bin;C:\Users\jake\__workspace\prototype3\scripts;C:\Program Files\PuTTY\;C:\WINDOWS\System32\OpenSSH\;C:\Program Files\Microsoft VS Code\bin;C:\Program Files\Git\cmd;C:\Users\jake\AppData\Local\Microsoft\WindowsApps;.">
</property>
    <property 
    name="java.specification.name" value="Java Platform API Specification">
</property>
    <property name="java.class.version" value="52.0"> </property>
    <property 
    name="sun.management.compiler" value="HotSpot 64-Bit Tiered Compilers">
</property>
    <property name="os.version" value="10.0"> </property>
    <property name="user.home" value="C:\Users\jake"> </property>
    <property name="user.timezone" value=""> </property>
    <property name="java.awt.printerjob" value="sun.awt.windows.WPrinterJob">
    </property>
    <property name="file.encoding" value="Cp1252"> </property>
    <property name="java.specification.version" value="1.8"> </property>
    <property name="user.name" value="jake"> </property>
    <property 
    name="java.class.path" value="C:\Users\jake\__workspace\scalaProjects\ikodaSparse\target\test-classes;C:\Users\jake\__workspace\scalaProjects\ikodaSparse\target\classes;C:\Users\jake\.m2\repository\org\scala-lang\scala-library\2.11.8\scala-library-2.11.8.jar;C:\Users\jake\.m2\repository\org\scalatest\scalatest_2.11\3.2.0-SNAP10\scalatest_2.11-3.2.0-SNAP10.jar;C:\Users\jake\.m2\repository\org\scalactic\scalactic_2.11\3.2.0-SNAP10\scalactic_2.11-3.2.0-SNAP10.jar;C:\Users\jake\.m2\repository\org\scala-lang\modules\scala-xml_2.11\1.0.6\scala-xml_2.11-1.0.6.jar;C:\Users\jake\.m2\repository\org\scalacheck\scalacheck_2.11\1.14.0\scalacheck_2.11-1.14.0.jar;C:\Users\jake\.m2\repository\org\scala-sbt\test-interface\1.0\test-interface-1.0.jar;C:\Users\jake\.m2\repository\org\specs\specs\1.2.5\specs-1.2.5.jar;C:\Users\jake\.m2\repository\junit\junit\4.4\junit-4.4.jar;C:\Users\jake\.m2\repository\org\scalatest\scalatest\0.9.1\scalatest-0.9.1.jar;C:\Users\jake\.m2\repository\org\scalacheck\scalacheck\1.2\scalacheck-1.2.jar;C:\Users\jake\.m2\repository\org\jmock\jmock\2.4.0\jmock-2.4.0.jar;C:\Users\jake\.m2\repository\org\hamcrest\hamcrest-core\1.1\hamcrest-core-1.1.jar;C:\Users\jake\.m2\repository\org\hamcrest\hamcrest-library\1.1\hamcrest-library-1.1.jar;C:\Users\jake\.m2\repository\org\clapper\grizzled-slf4j_2.11\1.3.1\grizzled-slf4j_2.11-1.3.1.jar;C:\Users\jake\.m2\repository\org\slf4j\slf4j-api\1.7.7\slf4j-api-1.7.7.jar;C:\Users\jake\.m2\repository\org\apache\spark\spark-sql_2.11\2.3.2\spark-sql_2.11-2.3.2.jar;C:\Users\jake\.m2\repository\com\univocity\univocity-parsers\2.5.9\univocity-parsers-2.5.9.jar;C:\Users\jake\.m2\repository\org\apache\spark\spark-sketch_2.11\2.3.2\spark-sketch_2.11-2.3.2.jar;C:\Users\jake\.m2\repository\org\apache\spark\spark-catalyst_2.11\2.3.2\spark-catalyst_2.11-2.3.2.jar;C:\Users\jake\.m2\repository\org\codehaus\janino\janino\3.0.8\janino-3.0.8.jar;C:\Users\jake\.m2\repository\org\codehaus\janino\commons-compiler\3.0.8\commons-compiler-3.0.8.jar;C:\Users\jake\.m2\repository\org\antlr\antlr4-runtime\4.7\antlr4-runtime-4.7.jar;C:\Users\jake\.m2\repository\commons-codec\commons-codec\1.10\commons-codec-1.10.jar;C:\Users\jake\.m2\repository\org\apache\spark\spark-tags_2.11\2.3.2\spark-tags_2.11-2.3.2.jar;C:\Users\jake\.m2\repository\org\apache\orc\orc-core\1.4.4\orc-core-1.4.4-nohive.jar;C:\Users\jake\.m2\repository\commons-lang\commons-lang\2.6\commons-lang-2.6.jar;C:\Users\jake\.m2\repository\io\airlift\aircompressor\0.8\aircompressor-0.8.jar;C:\Users\jake\.m2\repository\org\apache\orc\orc-mapreduce\1.4.4\orc-mapreduce-1.4.4-nohive.jar;C:\Users\jake\.m2\repository\com\esotericsoftware\kryo-shaded\3.0.3\kryo-shaded-3.0.3.jar;C:\Users\jake\.m2\repository\com\esotericsoftware\minlog\1.3.0\minlog-1.3.0.jar;C:\Users\jake\.m2\repository\org\objenesis\objenesis\2.1\objenesis-2.1.jar;C:\Users\jake\.m2\repository\org\apache\parquet\parquet-column\1.8.3\parquet-column-1.8.3.jar;C:\Users\jake\.m2\repository\org\apache\parquet\parquet-common\1.8.3\parquet-common-1.8.3.jar;C:\Users\jake\.m2\repository\org\apache\parquet\parquet-encoding\1.8.3\parquet-encoding-1.8.3.jar;C:\Users\jake\.m2\repository\org\apache\parquet\parquet-hadoop\1.8.3\parquet-hadoop-1.8.3.jar;C:\Users\jake\.m2\repository\org\apache\parquet\parquet-format\2.3.1\parquet-format-2.3.1.jar;C:\Users\jake\.m2\repository\org\apache\parquet\parquet-jackson\1.8.3\parquet-jackson-1.8.3.jar;C:\Users\jake\.m2\repository\org\codehaus\jackson\jackson-mapper-asl\1.9.11\jackson-mapper-asl-1.9.11.jar;C:\Users\jake\.m2\repository\org\codehaus\jackson\jackson-core-asl\1.9.11\jackson-core-asl-1.9.11.jar;C:\Users\jake\.m2\repository\com\fasterxml\jackson\core\jackson-databind\2.6.7.1\jackson-databind-2.6.7.1.jar;C:\Users\jake\.m2\repository\com\fasterxml\jackson\core\jackson-annotations\2.6.0\jackson-annotations-2.6.0.jar;C:\Users\jake\.m2\repository\com\fasterxml\jackson\core\jackson-core\2.6.7\jackson-core-2.6.7.jar;C:\Users\jake\.m2\repository\org\apache\arrow\arrow-vector\0.8.0\arrow-vector-0.8.0.jar;C:\Users\jake\.m2\repository\org\apache\arrow\arrow-format\0.8.0\arrow-format-0.8.0.jar;C:\Users\jake\.m2\repository\org\apache\arrow\arrow-memory\0.8.0\arrow-memory-0.8.0.jar;C:\Users\jake\.m2\repository\com\carrotsearch\hppc\0.7.2\hppc-0.7.2.jar;C:\Users\jake\.m2\repository\com\vlkan\flatbuffers\1.2.0-3f79e055\flatbuffers-1.2.0-3f79e055.jar;C:\Users\jake\.m2\repository\org\apache\xbean\xbean-asm5-shaded\4.4\xbean-asm5-shaded-4.4.jar;C:\Users\jake\.m2\repository\org\spark-project\spark\unused\1.0.0\unused-1.0.0.jar;C:\Users\jake\.m2\repository\org\apache\spark\spark-core_2.11\2.3.2\spark-core_2.11-2.3.2.jar;C:\Users\jake\.m2\repository\org\apache\avro\avro\1.7.7\avro-1.7.7.jar;C:\Users\jake\.m2\repository\org\apache\commons\commons-compress\1.4.1\commons-compress-1.4.1.jar;C:\Users\jake\.m2\repository\org\tukaani\xz\1.0\xz-1.0.jar;C:\Users\jake\.m2\repository\org\apache\avro\avro-mapred\1.7.7\avro-mapred-1.7.7-hadoop2.jar;C:\Users\jake\.m2\repository\org\apache\avro\avro-ipc\1.7.7\avro-ipc-1.7.7.jar;C:\Users\jake\.m2\repository\org\apache\avro\avro-ipc\1.7.7\avro-ipc-1.7.7-tests.jar;C:\Users\jake\.m2\repository\com\twitter\chill_2.11\0.8.4\chill_2.11-0.8.4.jar;C:\Users\jake\.m2\repository\com\twitter\chill-java\0.8.4\chill-java-0.8.4.jar;C:\Users\jake\.m2\repository\org\apache\hadoop\hadoop-client\2.6.5\hadoop-client-2.6.5.jar;C:\Users\jake\.m2\repository\org\apache\hadoop\hadoop-common\2.6.5\hadoop-common-2.6.5.jar;C:\Users\jake\.m2\repository\commons-cli\commons-cli\1.2\commons-cli-1.2.jar;C:\Users\jake\.m2\repository\xmlenc\xmlenc\0.52\xmlenc-0.52.jar;C:\Users\jake\.m2\repository\commons-httpclient\commons-httpclient\3.1\commons-httpclient-3.1.jar;C:\Users\jake\.m2\repository\commons-configuration\commons-configuration\1.6\commons-configuration-1.6.jar;C:\Users\jake\.m2\repository\commons-digester\commons-digester\1.8\commons-digester-1.8.jar;C:\Users\jake\.m2\repository\commons-beanutils\commons-beanutils-core\1.8.0\commons-beanutils-core-1.8.0.jar;C:\Users\jake\.m2\repository\com\google\code\gson\gson\2.2.4\gson-2.2.4.jar;C:\Users\jake\.m2\repository\org\apache\hadoop\hadoop-auth\2.6.5\hadoop-auth-2.6.5.jar;C:\Users\jake\.m2\repository\org\apache\directory\server\apacheds-kerberos-codec\2.0.0-M15\apacheds-kerberos-codec-2.0.0-M15.jar;C:\Users\jake\.m2\repository\org\apache\directory\server\apacheds-i18n\2.0.0-M15\apacheds-i18n-2.0.0-M15.jar;C:\Users\jake\.m2\repository\org\apache\directory\api\api-asn1-api\1.0.0-M20\api-asn1-api-1.0.0-M20.jar;C:\Users\jake\.m2\repository\org\apache\directory\api\api-util\1.0.0-M20\api-util-1.0.0-M20.jar;C:\Users\jake\.m2\repository\org\apache\curator\curator-client\2.6.0\curator-client-2.6.0.jar;C:\Users\jake\.m2\repository\org\htrace\htrace-core\3.0.4\htrace-core-3.0.4.jar;C:\Users\jake\.m2\repository\org\apache\hadoop\hadoop-hdfs\2.6.5\hadoop-hdfs-2.6.5.jar;C:\Users\jake\.m2\repository\org\mortbay\jetty\jetty-util\6.1.26\jetty-util-6.1.26.jar;C:\Users\jake\.m2\repository\org\apache\hadoop\hadoop-mapreduce-client-app\2.6.5\hadoop-mapreduce-client-app-2.6.5.jar;C:\Users\jake\.m2\repository\org\apache\hadoop\hadoop-mapreduce-client-common\2.6.5\hadoop-mapreduce-client-common-2.6.5.jar;C:\Users\jake\.m2\repository\org\apache\hadoop\hadoop-yarn-client\2.6.5\hadoop-yarn-client-2.6.5.jar;C:\Users\jake\.m2\repository\org\apache\hadoop\hadoop-yarn-server-common\2.6.5\hadoop-yarn-server-common-2.6.5.jar;C:\Users\jake\.m2\repository\org\apache\hadoop\hadoop-mapreduce-client-shuffle\2.6.5\hadoop-mapreduce-client-shuffle-2.6.5.jar;C:\Users\jake\.m2\repository\org\apache\hadoop\hadoop-yarn-api\2.6.5\hadoop-yarn-api-2.6.5.jar;C:\Users\jake\.m2\repository\org\apache\hadoop\hadoop-mapreduce-client-core\2.6.5\hadoop-mapreduce-client-core-2.6.5.jar;C:\Users\jake\.m2\repository\org\apache\hadoop\hadoop-yarn-common\2.6.5\hadoop-yarn-common-2.6.5.jar;C:\Users\jake\.m2\repository\org\codehaus\jackson\jackson-jaxrs\1.9.13\jackson-jaxrs-1.9.13.jar;C:\Users\jake\.m2\repository\org\codehaus\jackson\jackson-xc\1.9.13\jackson-xc-1.9.13.jar;C:\Users\jake\.m2\repository\org\apache\hadoop\hadoop-mapreduce-client-jobclient\2.6.5\hadoop-mapreduce-client-jobclient-2.6.5.jar;C:\Users\jake\.m2\repository\org\apache\hadoop\hadoop-annotations\2.6.5\hadoop-annotations-2.6.5.jar;C:\Users\jake\.m2\repository\org\apache\spark\spark-launcher_2.11\2.3.2\spark-launcher_2.11-2.3.2.jar;C:\Users\jake\.m2\repository\org\apache\spark\spark-kvstore_2.11\2.3.2\spark-kvstore_2.11-2.3.2.jar;C:\Users\jake\.m2\repository\org\fusesource\leveldbjni\leveldbjni-all\1.8\leveldbjni-all-1.8.jar;C:\Users\jake\.m2\repository\org\apache\spark\spark-network-common_2.11\2.3.2\spark-network-common_2.11-2.3.2.jar;C:\Users\jake\.m2\repository\org\apache\spark\spark-network-shuffle_2.11\2.3.2\spark-network-shuffle_2.11-2.3.2.jar;C:\Users\jake\.m2\repository\org\apache\spark\spark-unsafe_2.11\2.3.2\spark-unsafe_2.11-2.3.2.jar;C:\Users\jake\.m2\repository\net\java\dev\jets3t\jets3t\0.9.4\jets3t-0.9.4.jar;C:\Users\jake\.m2\repository\org\apache\httpcomponents\httpcore\4.4.1\httpcore-4.4.1.jar;C:\Users\jake\.m2\repository\javax\activation\activation\1.1.1\activation-1.1.1.jar;C:\Users\jake\.m2\repository\org\bouncycastle\bcprov-jdk15on\1.52\bcprov-jdk15on-1.52.jar;C:\Users\jake\.m2\repository\com\jamesmurty\utils\java-xmlbuilder\1.1\java-xmlbuilder-1.1.jar;C:\Users\jake\.m2\repository\net\iharder\base64\2.3.8\base64-2.3.8.jar;C:\Users\jake\.m2\repository\org\apache\curator\curator-recipes\2.6.0\curator-recipes-2.6.0.jar;C:\Users\jake\.m2\repository\org\apache\curator\curator-framework\2.6.0\curator-framework-2.6.0.jar;C:\Users\jake\.m2\repository\org\apache\zookeeper\zookeeper\3.4.6\zookeeper-3.4.6.jar;C:\Users\jake\.m2\repository\javax\servlet\javax.servlet-api\3.1.0\javax.servlet-api-3.1.0.jar;C:\Users\jake\.m2\repository\org\apache\commons\commons-lang3\3.5\commons-lang3-3.5.jar;C:\Users\jake\.m2\repository\com\google\code\findbugs\jsr305\1.3.9\jsr305-1.3.9.jar;C:\Users\jake\.m2\repository\org\slf4j\jul-to-slf4j\1.7.16\jul-to-slf4j-1.7.16.jar;C:\Users\jake\.m2\repository\org\slf4j\jcl-over-slf4j\1.7.16\jcl-over-slf4j-1.7.16.jar;C:\Users\jake\.m2\repository\log4j\log4j\1.2.17\log4j-1.2.17.jar;C:\Users\jake\.m2\repository\org\slf4j\slf4j-log4j12\1.7.16\slf4j-log4j12-1.7.16.jar;C:\Users\jake\.m2\repository\com\ning\compress-lzf\1.0.3\compress-lzf-1.0.3.jar;C:\Users\jake\.m2\repository\org\xerial\snappy\snappy-java\1.1.2.6\snappy-java-1.1.2.6.jar;C:\Users\jake\.m2\repository\org\lz4\lz4-java\1.4.0\lz4-java-1.4.0.jar;C:\Users\jake\.m2\repository\com\github\luben\zstd-jni\1.3.2-2\zstd-jni-1.3.2-2.jar;C:\Users\jake\.m2\repository\org\roaringbitmap\RoaringBitmap\0.5.11\RoaringBitmap-0.5.11.jar;C:\Users\jake\.m2\repository\commons-net\commons-net\2.2\commons-net-2.2.jar;C:\Users\jake\.m2\repository\org\json4s\json4s-jackson_2.11\3.2.11\json4s-jackson_2.11-3.2.11.jar;C:\Users\jake\.m2\repository\org\json4s\json4s-core_2.11\3.2.11\json4s-core_2.11-3.2.11.jar;C:\Users\jake\.m2\repository\org\json4s\json4s-ast_2.11\3.2.11\json4s-ast_2.11-3.2.11.jar;C:\Users\jake\.m2\repository\org\scala-lang\scalap\2.11.0\scalap-2.11.0.jar;C:\Users\jake\.m2\repository\org\scala-lang\scala-compiler\2.11.0\scala-compiler-2.11.0.jar;C:\Users\jake\.m2\repository\org\glassfish\jersey\core\jersey-client\2.22.2\jersey-client-2.22.2.jar;C:\Users\jake\.m2\repository\javax\ws\rs\javax.ws.rs-api\2.0.1\javax.ws.rs-api-2.0.1.jar;C:\Users\jake\.m2\repository\org\glassfish\hk2\hk2-api\2.4.0-b34\hk2-api-2.4.0-b34.jar;C:\Users\jake\.m2\repository\org\glassfish\hk2\hk2-utils\2.4.0-b34\hk2-utils-2.4.0-b34.jar;C:\Users\jake\.m2\repository\org\glassfish\hk2\external\aopalliance-repackaged\2.4.0-b34\aopalliance-repackaged-2.4.0-b34.jar;C:\Users\jake\.m2\repository\org\glassfish\hk2\external\javax.inject\2.4.0-b34\javax.inject-2.4.0-b34.jar;C:\Users\jake\.m2\repository\org\glassfish\hk2\hk2-locator\2.4.0-b34\hk2-locator-2.4.0-b34.jar;C:\Users\jake\.m2\repository\org\javassist\javassist\3.18.1-GA\javassist-3.18.1-GA.jar;C:\Users\jake\.m2\repository\org\glassfish\jersey\core\jersey-common\2.22.2\jersey-common-2.22.2.jar;C:\Users\jake\.m2\repository\javax\annotation\javax.annotation-api\1.2\javax.annotation-api-1.2.jar;C:\Users\jake\.m2\repository\org\glassfish\jersey\bundles\repackaged\jersey-guava\2.22.2\jersey-guava-2.22.2.jar;C:\Users\jake\.m2\repository\org\glassfish\hk2\osgi-resource-locator\1.0.1\osgi-resource-locator-1.0.1.jar;C:\Users\jake\.m2\repository\org\glassfish\jersey\core\jersey-server\2.22.2\jersey-server-2.22.2.jar;C:\Users\jake\.m2\repository\org\glassfish\jersey\media\jersey-media-jaxb\2.22.2\jersey-media-jaxb-2.22.2.jar;C:\Users\jake\.m2\repository\javax\validation\validation-api\1.1.0.Final\validation-api-1.1.0.Final.jar;C:\Users\jake\.m2\repository\org\glassfish\jersey\containers\jersey-container-servlet\2.22.2\jersey-container-servlet-2.22.2.jar;C:\Users\jake\.m2\repository\org\glassfish\jersey\containers\jersey-container-servlet-core\2.22.2\jersey-container-servlet-core-2.22.2.jar;C:\Users\jake\.m2\repository\io\netty\netty-all\4.1.17.Final\netty-all-4.1.17.Final.jar;C:\Users\jake\.m2\repository\io\netty\netty\3.9.9.Final\netty-3.9.9.Final.jar;C:\Users\jake\.m2\repository\com\clearspring\analytics\stream\2.7.0\stream-2.7.0.jar;C:\Users\jake\.m2\repository\io\dropwizard\metrics\metrics-core\3.1.5\metrics-core-3.1.5.jar;C:\Users\jake\.m2\repository\io\dropwizard\metrics\metrics-jvm\3.1.5\metrics-jvm-3.1.5.jar;C:\Users\jake\.m2\repository\io\dropwizard\metrics\metrics-json\3.1.5\metrics-json-3.1.5.jar;C:\Users\jake\.m2\repository\io\dropwizard\metrics\metrics-graphite\3.1.5\metrics-graphite-3.1.5.jar;C:\Users\jake\.m2\repository\com\fasterxml\jackson\module\jackson-module-scala_2.11\2.6.7.1\jackson-module-scala_2.11-2.6.7.1.jar;C:\Users\jake\.m2\repository\com\fasterxml\jackson\module\jackson-module-paranamer\2.7.9\jackson-module-paranamer-2.7.9.jar;C:\Users\jake\.m2\repository\org\apache\ivy\ivy\2.4.0\ivy-2.4.0.jar;C:\Users\jake\.m2\repository\oro\oro\2.0.8\oro-2.0.8.jar;C:\Users\jake\.m2\repository\net\razorvine\pyrolite\4.13\pyrolite-4.13.jar;C:\Users\jake\.m2\repository\net\sf\py4j\py4j\0.10.7\py4j-0.10.7.jar;C:\Users\jake\.m2\repository\org\apache\commons\commons-crypto\1.0.0\commons-crypto-1.0.0.jar;C:\Users\jake\.m2\repository\org\scala-lang\scala-reflect\2.11.12\scala-reflect-2.11.12.jar;C:\Users\jake\.m2\repository\com\google\guava\guava\15.0\guava-15.0.jar;C:\Users\jake\.m2\repository\org\apache\spark\spark-streaming_2.11\2.3.2\spark-streaming_2.11-2.3.2.jar;C:\Users\jake\.m2\repository\org\apache\spark\spark-mllib_2.11\2.3.2\spark-mllib_2.11-2.3.2.jar;C:\Users\jake\.m2\repository\org\scala-lang\modules\scala-parser-combinators_2.11\1.0.4\scala-parser-combinators_2.11-1.0.4.jar;C:\Users\jake\.m2\repository\org\apache\spark\spark-mllib-local_2.11\2.3.2\spark-mllib-local_2.11-2.3.2.jar;C:\Users\jake\.m2\repository\org\scalanlp\breeze_2.11\0.13.2\breeze_2.11-0.13.2.jar;C:\Users\jake\.m2\repository\org\scalanlp\breeze-macros_2.11\0.13.2\breeze-macros_2.11-0.13.2.jar;C:\Users\jake\.m2\repository\net\sf\opencsv\opencsv\2.3\opencsv-2.3.jar;C:\Users\jake\.m2\repository\com\github\rwl\jtransforms\2.4.0\jtransforms-2.4.0.jar;C:\Users\jake\.m2\repository\org\spire-math\spire_2.11\0.13.0\spire_2.11-0.13.0.jar;C:\Users\jake\.m2\repository\org\spire-math\spire-macros_2.11\0.13.0\spire-macros_2.11-0.13.0.jar;C:\Users\jake\.m2\repository\org\typelevel\machinist_2.11\0.6.1\machinist_2.11-0.6.1.jar;C:\Users\jake\.m2\repository\com\chuusai\shapeless_2.11\2.3.2\shapeless_2.11-2.3.2.jar;C:\Users\jake\.m2\repository\org\typelevel\macro-compat_2.11\1.1.1\macro-compat_2.11-1.1.1.jar;C:\Users\jake\.m2\repository\org\apache\spark\spark-graphx_2.11\2.3.2\spark-graphx_2.11-2.3.2.jar;C:\Users\jake\.m2\repository\com\github\fommil\netlib\core\1.1.2\core-1.1.2.jar;C:\Users\jake\.m2\repository\net\sourceforge\f2j\arpack_combined_all\0.1\arpack_combined_all-0.1.jar;C:\Users\jake\.m2\repository\com\typesafe\config\1.3.2\config-1.3.2.jar;C:\Users\jake\.m2\repository\org\json4s\json4s-core_2.12\3.6.0-M4\json4s-core_2.12-3.6.0-M4.jar;C:\Users\jake\.m2\repository\org\json4s\json4s-ast_2.12\3.6.0-M4\json4s-ast_2.12-3.6.0-M4.jar;C:\Users\jake\.m2\repository\org\json4s\json4s-scalap_2.12\3.6.0-M4\json4s-scalap_2.12-3.6.0-M4.jar;C:\Users\jake\.m2\repository\com\thoughtworks\paranamer\paranamer\2.8\paranamer-2.8.jar;C:\Users\jake\.m2\repository\com\github\scopt\scopt_2.10\3.2.0\scopt_2.10-3.2.0.jar;C:\Users\jake\.m2\repository\ikoda\ikoda-utils\0.0.1-SNAPSHOT\ikoda-utils-0.0.1-SNAPSHOT.jar;C:\Users\jake\.m2\repository\org\apache\logging\log4j\log4j-core\2.8.2\log4j-core-2.8.2.jar;C:\Users\jake\.m2\repository\org\apache\logging\log4j\log4j-api\2.8.2\log4j-api-2.8.2.jar;C:\Users\jake\.m2\repository\org\springframework\spring-beans\4.2.4.RELEASE\spring-beans-4.2.4.RELEASE.jar;C:\Users\jake\.m2\repository\net\sourceforge\htmlunit\htmlunit\2.22\htmlunit-2.22.jar;C:\Users\jake\.m2\repository\xalan\xalan\2.7.2\xalan-2.7.2.jar;C:\Users\jake\.m2\repository\xalan\serializer\2.7.2\serializer-2.7.2.jar;C:\Users\jake\.m2\repository\org\apache\httpcomponents\httpmime\4.5.2\httpmime-4.5.2.jar;C:\Users\jake\.m2\repository\net\sourceforge\htmlunit\htmlunit-core-js\2.22\htmlunit-core-js-2.22.jar;C:\Users\jake\.m2\repository\net\sourceforge\htmlunit\neko-htmlunit\2.21\neko-htmlunit-2.21.jar;C:\Users\jake\.m2\repository\net\sourceforge\cssparser\cssparser\0.9.19\cssparser-0.9.19.jar;C:\Users\jake\.m2\repository\org\w3c\css\sac\1.3\sac-1.3.jar;C:\Users\jake\.m2\repository\commons-io\commons-io\2.5\commons-io-2.5.jar;C:\Users\jake\.m2\repository\commons-logging\commons-logging\1.2\commons-logging-1.2.jar;C:\Users\jake\.m2\repository\org\eclipse\jetty\websocket\websocket-client\9.2.17.v20160517\websocket-client-9.2.17.v20160517.jar;C:\Users\jake\.m2\repository\org\eclipse\jetty\jetty-util\9.2.17.v20160517\jetty-util-9.2.17.v20160517.jar;C:\Users\jake\.m2\repository\org\eclipse\jetty\jetty-io\9.2.17.v20160517\jetty-io-9.2.17.v20160517.jar;C:\Users\jake\.m2\repository\org\eclipse\jetty\websocket\websocket-common\9.2.17.v20160517\websocket-common-9.2.17.v20160517.jar;C:\Users\jake\.m2\repository\org\eclipse\jetty\websocket\websocket-api\9.2.17.v20160517\websocket-api-9.2.17.v20160517.jar;C:\Users\jake\.m2\repository\org\springframework\spring-web\4.2.4.RELEASE\spring-web-4.2.4.RELEASE.jar;C:\Users\jake\.m2\repository\org\springframework\spring-aop\4.2.4.RELEASE\spring-aop-4.2.4.RELEASE.jar;C:\Users\jake\.m2\repository\aopalliance\aopalliance\1.0\aopalliance-1.0.jar;C:\Users\jake\.m2\repository\org\springframework\spring-context\4.2.4.RELEASE\spring-context-4.2.4.RELEASE.jar;C:\Users\jake\.m2\repository\org\springframework\spring-expression\4.2.4.RELEASE\spring-expression-4.2.4.RELEASE.jar;C:\Users\jake\.m2\repository\org\springframework\integration\spring-integration-mail\4.2.5.RELEASE\spring-integration-mail-4.2.5.RELEASE.jar;C:\Users\jake\.m2\repository\org\springframework\integration\spring-integration-core\4.2.5.RELEASE\spring-integration-core-4.2.5.RELEASE.jar;C:\Users\jake\.m2\repository\org\springframework\spring-tx\4.2.4.RELEASE\spring-tx-4.2.4.RELEASE.jar;C:\Users\jake\.m2\repository\org\springframework\retry\spring-retry\1.1.2.RELEASE\spring-retry-1.1.2.RELEASE.jar;C:\Users\jake\.m2\repository\org\springframework\spring-messaging\4.2.4.RELEASE\spring-messaging-4.2.4.RELEASE.jar;C:\Users\jake\.m2\repository\org\springframework\spring-context-support\4.2.4.RELEASE\spring-context-support-4.2.4.RELEASE.jar;C:\Users\jake\.m2\repository\javax\mail\javax.mail-api\1.5.5\javax.mail-api-1.5.5.jar;C:\Users\jake\.m2\repository\com\sun\mail\javax.mail\1.5.5\javax.mail-1.5.5.jar;C:\Users\jake\.m2\repository\org\apache\commons\commons-csv\1.5\commons-csv-1.5.jar;C:\Users\jake\.m2\repository\org\apache\httpcomponents\httpclient\4.5.5\httpclient-4.5.5.jar;C:\Users\jake\.m2\repository\com\datastax\spark\spark-cassandra-connector_2.11\2.3.2\spark-cassandra-connector_2.11-2.3.2.jar;C:\Users\jake\.m2\repository\org\joda\joda-convert\1.2\joda-convert-1.2.jar;C:\Users\jake\.m2\repository\joda-time\joda-time\2.3\joda-time-2.3.jar;C:\Users\jake\.m2\repository\commons-beanutils\commons-beanutils\1.9.3\commons-beanutils-1.9.3.jar;C:\Users\jake\.m2\repository\commons-collections\commons-collections\3.2.2\commons-collections-3.2.2.jar;C:\Users\jake\.m2\repository\com\twitter\jsr166e\1.1.0\jsr166e-1.1.0.jar;C:\Users\jake\.m2\repository\edu\stanford\nlp\stanford-corenlp\3.8.0\stanford-corenlp-3.8.0.jar;C:\Users\jake\.m2\repository\com\apple\AppleJavaExtensions\1.4\AppleJavaExtensions-1.4.jar;C:\Users\jake\.m2\repository\de\jollyday\jollyday\0.4.9\jollyday-0.4.9.jar;C:\Users\jake\.m2\repository\javax\xml\bind\jaxb-api\2.2.7\jaxb-api-2.2.7.jar;C:\Users\jake\.m2\repository\org\apache\lucene\lucene-queryparser\4.10.3\lucene-queryparser-4.10.3.jar;C:\Users\jake\.m2\repository\org\apache\lucene\lucene-sandbox\4.10.3\lucene-sandbox-4.10.3.jar;C:\Users\jake\.m2\repository\org\apache\lucene\lucene-analyzers-common\4.10.3\lucene-analyzers-common-4.10.3.jar;C:\Users\jake\.m2\repository\org\apache\lucene\lucene-queries\4.10.3\lucene-queries-4.10.3.jar;C:\Users\jake\.m2\repository\org\apache\lucene\lucene-core\4.10.3\lucene-core-4.10.3.jar;C:\Users\jake\.m2\repository\com\io7m\xom\xom\1.2.10\xom-1.2.10.jar;C:\Users\jake\.m2\repository\xml-apis\xml-apis\1.3.03\xml-apis-1.3.03.jar;C:\Users\jake\.m2\repository\xerces\xercesImpl\2.8.0\xercesImpl-2.8.0.jar;C:\Users\jake\.m2\repository\com\googlecode\efficient-java-matrix-library\ejml\0.23\ejml-0.23.jar;C:\Users\jake\.m2\repository\org\glassfish\javax.json\1.0.4\javax.json-1.0.4.jar;C:\Users\jake\.m2\repository\com\google\protobuf\protobuf-java\3.2.0\protobuf-java-3.2.0.jar;C:\Users\jake\.m2\repository\edu\stanford\nlp\stanford-corenlp\3.8.0\stanford-corenlp-3.8.0-models.jar;C:\Users\jake\.m2\repository\edu\stanford\nlp\stanford-corenlp\3.8.0\stanford-corenlp-3.8.0-models-chinese.jar;C:\Users\jake\.m2\repository\edu\stanford\nlp\stanford-corenlp\3.8.0\stanford-corenlp-3.8.0-models-english.jar;C:\Users\jake\.m2\repository\edu\stanford\nlp\stanford-parser\3.8.0\stanford-parser-3.8.0.jar;C:\Users\jake\.m2\repository\org\apache\commons\commons-math3\3.6.1\commons-math3-3.6.1.jar;C:\Users\jake\.m2\repository\com\github\pathikrit\better-files_2.11\3.4.0\better-files_2.11-3.4.0.jar">
</property>
    <property name="java.vm.specification.version" value="1.8"> </property>
    <property name="sun.arch.data.model" value="64"> </property>
    <property name="java.home" value="C:\Program Files\Java\jdk1.8.0_161\jre">
    </property>
    <property 
    name="sun.java.command" value="org.scalatest.tools.Runner -R C:\Users\jake\__workspace\scalaProjects\ikodaSparse\target\classes C:\Users\jake\__workspace\scalaProjects\ikodaSparse\target\test-classes -o -f C:\Users\jake\__workspace\scalaProjects\ikodaSparse\surefire-reports\WDFTestSuite.txt -u C:\Users\jake\__workspace\scalaProjects\ikodaSparse\surefire-reports\.">
</property>
    <property name="java.specification.vendor" value="Oracle Corporation">
    </property>
    <property name="user.language" value="en"> </property>
    <property name="awt.toolkit" value="sun.awt.windows.WToolkit"> </property>
    <property name="java.vm.info" value="mixed mode"> </property>
    <property name="java.version" value="1.8.0_161"> </property>
    <property 
    name="java.ext.dirs" value="C:\Program Files\Java\jdk1.8.0_161\jre\lib\ext;C:\WINDOWS\Sun\Java\lib\ext">
</property>
    <property 
    name="sun.boot.class.path" value="C:\Program Files\Java\jdk1.8.0_161\jre\lib\resources.jar;C:\Program Files\Java\jdk1.8.0_161\jre\lib\rt.jar;C:\Program Files\Java\jdk1.8.0_161\jre\lib\sunrsasign.jar;C:\Program Files\Java\jdk1.8.0_161\jre\lib\jsse.jar;C:\Program Files\Java\jdk1.8.0_161\jre\lib\jce.jar;C:\Program Files\Java\jdk1.8.0_161\jre\lib\charsets.jar;C:\Program Files\Java\jdk1.8.0_161\jre\lib\jfr.jar;C:\Program Files\Java\jdk1.8.0_161\jre\classes">
</property>
    <property name="java.vendor" value="Oracle Corporation"> </property>
    <property name="file.separator" value="\"> </property>
    <property 
    name="java.vendor.url.bug" value="http://bugreport.sun.com/bugreport/">
</property>
    <property name="sun.cpu.endian" value="little"> </property>
    <property name="sun.io.unicode.encoding" value="UnicodeLittle"> </property>
    <property name="sun.desktop" value="windows"> </property>
    <property name="sun.cpu.isalist" value="amd64"> </property>
  </properties>
  <system-out><![CDATA[]]></system-out>
  <system-err><![CDATA[]]></system-err>
</testsuite>
